SF:lib/schemas/schemas.g.dart
DA:11,3
DA:16,3
DA:17,3
DA:18,3
DA:21,0
DA:23,2
DA:24,2
DA:25,0
DA:26,0
DA:28,0
DA:30,0
DA:31,1
DA:33,1
DA:35,0
DA:37,0
DA:38,1
DA:39,1
DA:41,0
DA:43,0
DA:45,0
DA:46,0
DA:48,0
DA:50,0
DA:51,0
DA:65,2
DA:73,4
DA:77,2
DA:78,2
DA:79,2
DA:80,2
DA:81,2
DA:82,2
DA:85,0
DA:87,0
DA:89,0
DA:90,0
DA:91,0
DA:93,1
DA:95,1
DA:96,1
DA:98,1
DA:100,1
DA:101,1
DA:102,1
DA:103,1
DA:105,0
DA:107,0
DA:108,0
DA:110,0
DA:112,0
DA:113,0
DA:114,0
DA:115,0
DA:117,0
DA:119,0
DA:121,0
DA:123,0
DA:125,0
DA:127,0
DA:128,0
DA:144,2
DA:149,2
DA:150,2
DA:151,2
DA:152,2
DA:155,0
DA:157,0
DA:159,0
DA:160,0
DA:161,0
DA:163,1
DA:164,1
DA:165,0
DA:166,0
DA:168,1
DA:170,1
DA:172,0
DA:174,0
DA:176,0
DA:178,0
DA:180,0
DA:181,0
DA:183,0
DA:185,0
DA:186,0
DA:202,0
DA:210,0
DA:214,0
DA:215,0
DA:216,0
DA:217,0
DA:218,0
DA:219,0
DA:220,0
DA:223,0
DA:225,0
DA:227,0
DA:228,0
DA:230,0
DA:232,0
DA:233,0
DA:234,0
DA:235,0
DA:237,0
DA:239,0
DA:240,0
DA:242,0
DA:244,0
DA:246,0
DA:247,0
DA:249,0
DA:251,0
DA:253,0
DA:254,0
DA:255,0
DA:257,0
DA:259,0
DA:261,0
DA:263,0
DA:265,0
DA:267,0
DA:268,0
DA:285,0
DA:291,0
DA:292,0
DA:293,0
DA:294,0
DA:295,0
DA:298,0
DA:300,0
DA:302,0
DA:303,0
DA:304,0
DA:306,0
DA:308,0
DA:309,0
DA:311,0
DA:313,0
DA:315,0
DA:316,0
DA:318,0
DA:320,0
DA:322,0
DA:324,0
DA:326,0
DA:328,0
DA:330,0
DA:332,0
DA:334,0
DA:336,0
DA:338,0
DA:339,0
DA:358,2
DA:370,4
DA:377,2
DA:378,2
DA:379,2
DA:380,2
DA:381,2
DA:382,2
DA:383,2
DA:384,2
DA:385,2
DA:386,2
DA:387,2
DA:390,0
DA:392,0
DA:394,0
DA:395,0
DA:396,0
DA:398,1
DA:399,1
DA:400,1
DA:401,1
DA:403,0
DA:404,0
DA:405,0
DA:406,0
DA:408,0
DA:410,0
DA:411,0
DA:413,0
DA:415,0
DA:417,0
DA:418,1
DA:420,1
DA:422,0
DA:424,0
DA:425,0
DA:427,0
DA:429,0
DA:431,0
DA:433,0
DA:435,0
DA:437,1
DA:439,1
DA:440,0
DA:442,0
DA:444,0
DA:446,0
DA:447,0
DA:449,0
DA:451,0
DA:453,0
DA:455,0
DA:457,0
DA:459,0
DA:461,0
DA:462,0
DA:487,0
DA:493,0
DA:497,0
DA:498,0
DA:499,0
DA:502,0
DA:504,0
DA:505,0
DA:506,0
DA:507,0
DA:509,0
DA:510,0
DA:511,0
DA:512,0
DA:514,0
DA:516,0
DA:518,0
DA:520,0
DA:522,0
DA:524,0
DA:526,0
DA:527,0
DA:529,0
DA:531,0
DA:532,0
DA:547,0
DA:551,0
DA:555,0
DA:558,0
DA:560,0
DA:561,0
DA:562,0
DA:563,0
DA:565,0
DA:567,0
DA:569,0
DA:570,0
DA:572,0
DA:574,0
DA:575,0
LF:249
LH:56
end_of_record
SF:lib/global_states.dart
DA:15,0
DA:17,0
DA:18,0
DA:19,0
DA:22,0
DA:23,0
DA:26,0
DA:27,0
DA:30,0
DA:31,0
DA:34,0
DA:35,0
DA:36,0
DA:37,0
DA:38,0
DA:42,0
DA:43,0
DA:44,0
DA:45,0
DA:46,0
DA:47,0
DA:48,0
DA:51,0
DA:56,0
DA:57,0
DA:59,0
DA:61,0
LF:27
LH:0
end_of_record
SF:lib/main.dart
DA:10,0
DA:11,0
DA:16,3
DA:18,0
DA:20,0
DA:21,0
DA:31,3
DA:33,0
DA:34,0
DA:41,0
DA:43,0
DA:44,0
DA:46,0
DA:47,0
DA:48,0
DA:52,0
DA:76,0
DA:77,0
DA:78,0
DA:79,0
DA:80,0
DA:81,0
LF:22
LH:2
end_of_record
SF:lib/pages/profile.dart
DA:6,0
DA:8,0
DA:9,0
DA:11,0
DA:12,0
DA:13,0
DA:15,0
DA:16,0
LF:8
LH:0
end_of_record
SF:lib/pages/schedules.dart
DA:11,0
DA:12,0
DA:15,0
DA:16,0
DA:20,0
DA:22,0
DA:23,0
DA:24,0
DA:26,0
DA:27,0
DA:30,0
DA:31,0
DA:32,0
DA:33,0
DA:37,0
DA:38,0
DA:41,0
DA:48,0
DA:50,0
DA:51,0
DA:52,0
DA:54,0
DA:55,0
LF:23
LH:0
end_of_record
SF:lib/pages/track.dart
DA:6,0
DA:8,0
DA:9,0
DA:11,0
DA:12,0
DA:13,0
DA:15,0
DA:16,0
LF:8
LH:0
end_of_record
SF:lib/pages/add_schedule.dart
DA:11,1
DA:13,1
DA:14,1
DA:16,1
DA:17,1
DA:18,0
DA:34,4
DA:36,1
DA:37,1
DA:43,1
DA:45,1
DA:46,1
DA:47,1
DA:49,1
DA:50,1
DA:55,0
DA:56,0
DA:59,0
DA:63,1
DA:65,1
DA:66,1
DA:71,0
DA:72,0
DA:75,0
DA:79,1
DA:80,0
DA:81,0
DA:82,0
DA:87,0
DA:88,0
DA:91,0
DA:93,1
DA:94,1
DA:96,1
DA:98,3
DA:99,0
DA:100,0
DA:102,0
DA:103,0
DA:108,1
DA:110,1
DA:111,0
DA:114,0
DA:116,0
LF:44
LH:24
end_of_record
SF:lib/pages/add_exercise.dart
DA:12,1
DA:14,1
DA:15,1
DA:17,1
DA:18,1
DA:19,0
DA:35,4
DA:37,1
DA:38,1
DA:46,1
DA:48,1
DA:49,1
DA:50,1
DA:51,1
DA:53,1
DA:54,1
DA:55,1
DA:58,1
DA:59,1
DA:61,1
DA:62,1
DA:64,1
DA:65,1
DA:67,1
DA:68,1
DA:70,2
DA:71,1
DA:73,2
DA:74,2
DA:75,1
DA:76,1
DA:77,3
DA:78,1
DA:86,0
DA:87,0
DA:93,1
DA:95,1
DA:96,1
DA:101,0
DA:102,0
DA:105,0
DA:109,1
DA:111,1
DA:112,1
DA:117,0
DA:118,0
DA:121,0
DA:122,0
DA:125,1
DA:127,1
DA:128,1
DA:133,0
DA:135,0
DA:139,1
DA:141,1
DA:142,0
DA:145,0
DA:146,0
DA:147,0
LF:59
LH:43
end_of_record
SF:lib/pages/add_workout.dart
DA:10,1
DA:12,1
DA:14,1
DA:15,1
DA:16,1
DA:17,0
DA:33,4
DA:35,1
DA:36,1
DA:45,1
DA:48,1
DA:49,1
DA:50,1
DA:53,1
DA:54,1
DA:55,0
DA:56,0
DA:57,0
DA:62,0
DA:63,0
DA:66,0
DA:68,1
DA:69,1
DA:71,1
DA:73,3
DA:74,0
DA:75,0
DA:77,0
DA:78,0
DA:83,1
DA:85,1
DA:86,0
DA:89,0
DA:91,0
DA:103,0
DA:104,0
LF:36
LH:20
end_of_record
